0 info it worked if it ends with ok
1 verbose cli [ '/usr/local/bin/node',
1 verbose cli   '/usr/local/bin/npm',
1 verbose cli   'install',
1 verbose cli   'dgram' ]
2 info using npm@2.14.7
3 info using node@v4.2.2
4 verbose install initial load of /Users/aizawashota/Desktop/postcard/postcard/package.json
5 verbose installManyTop reading scoped package data from /Users/aizawashota/Desktop/postcard/postcard/node_modules/body-parser/package.json
6 verbose installManyTop reading scoped package data from /Users/aizawashota/Desktop/postcard/postcard/node_modules/cookie-parser/package.json
7 verbose installManyTop reading scoped package data from /Users/aizawashota/Desktop/postcard/postcard/node_modules/debug/package.json
8 verbose installManyTop reading scoped package data from /Users/aizawashota/Desktop/postcard/postcard/node_modules/express/package.json
9 verbose installManyTop reading scoped package data from /Users/aizawashota/Desktop/postcard/postcard/node_modules/jade/package.json
10 verbose installManyTop reading scoped package data from /Users/aizawashota/Desktop/postcard/postcard/node_modules/johnny-five/package.json
11 verbose installManyTop reading scoped package data from /Users/aizawashota/Desktop/postcard/postcard/node_modules/kaiseki/package.json
12 verbose installManyTop reading scoped package data from /Users/aizawashota/Desktop/postcard/postcard/node_modules/moment/package.json
13 verbose installManyTop reading scoped package data from /Users/aizawashota/Desktop/postcard/postcard/node_modules/morgan/package.json
14 verbose installManyTop reading scoped package data from /Users/aizawashota/Desktop/postcard/postcard/node_modules/node-parse-api/package.json
15 verbose installManyTop reading scoped package data from /Users/aizawashota/Desktop/postcard/postcard/node_modules/nodemon/package.json
16 verbose installManyTop reading scoped package data from /Users/aizawashota/Desktop/postcard/postcard/node_modules/serialport/package.json
17 verbose installManyTop reading scoped package data from /Users/aizawashota/Desktop/postcard/postcard/node_modules/serve-favicon/package.json
18 verbose installManyTop reading scoped package data from /Users/aizawashota/Desktop/postcard/postcard/node_modules/socket.io/package.json
19 info package.json kaiseki@0.5.6 No license field.
20 info package.json node-parse-api@0.3.8 No license field.
21 info package.json socket.io@1.3.7 No license field.
22 verbose readDependencies loading dependencies from /Users/aizawashota/Desktop/postcard/postcard/package.json
23 silly cache add args [ 'dgram', null ]
24 verbose cache add spec dgram
25 silly cache add parsed spec Result {
25 silly cache add   raw: 'dgram',
25 silly cache add   scope: null,
25 silly cache add   name: 'dgram',
25 silly cache add   rawSpec: '',
25 silly cache add   spec: '*',
25 silly cache add   type: 'range' }
26 silly addNamed dgram@*
27 verbose addNamed "*" is a valid semver range for dgram
28 silly addNameRange { name: 'dgram', range: '*', hasData: false }
29 silly mapToRegistry name dgram
30 silly mapToRegistry using default registry
31 silly mapToRegistry registry https://registry.npmjs.org/
32 silly mapToRegistry uri https://registry.npmjs.org/dgram
33 verbose addNameRange registry:https://registry.npmjs.org/dgram not in flight; fetching
34 verbose request uri https://registry.npmjs.org/dgram
35 verbose request no auth needed
36 info attempt registry request try #1 at 11:30:22 AM
37 verbose request id 2adaf6df2ca8f294
38 http request GET https://registry.npmjs.org/dgram
39 http 404 https://registry.npmjs.org/dgram
40 verbose headers { 'content-type': 'application/json',
40 verbose headers   'cache-control': 'max-age=0',
40 verbose headers   'content-length': '2',
40 verbose headers   'accept-ranges': 'bytes',
40 verbose headers   date: 'Tue, 08 Dec 2015 16:30:22 GMT',
40 verbose headers   via: '1.1 varnish',
40 verbose headers   age: '0',
40 verbose headers   connection: 'keep-alive',
40 verbose headers   'x-served-by': 'cache-iad2132-IAD',
40 verbose headers   'x-cache': 'MISS',
40 verbose headers   'x-cache-hits': '0',
40 verbose headers   'x-timer': 'S1449592222.246942,VS0,VE79' }
41 silly get cb [ 404,
41 silly get   { 'content-type': 'application/json',
41 silly get     'cache-control': 'max-age=0',
41 silly get     'content-length': '2',
41 silly get     'accept-ranges': 'bytes',
41 silly get     date: 'Tue, 08 Dec 2015 16:30:22 GMT',
41 silly get     via: '1.1 varnish',
41 silly get     age: '0',
41 silly get     connection: 'keep-alive',
41 silly get     'x-served-by': 'cache-iad2132-IAD',
41 silly get     'x-cache': 'MISS',
41 silly get     'x-cache-hits': '0',
41 silly get     'x-timer': 'S1449592222.246942,VS0,VE79' } ]
42 verbose stack Error: Registry returned 404 for GET on https://registry.npmjs.org/dgram
42 verbose stack     at makeError (/usr/local/lib/node_modules/npm/node_modules/npm-registry-client/lib/request.js:264:12)
42 verbose stack     at CachingRegistryClient.<anonymous> (/usr/local/lib/node_modules/npm/node_modules/npm-registry-client/lib/request.js:242:14)
42 verbose stack     at Request._callback (/usr/local/lib/node_modules/npm/node_modules/npm-registry-client/lib/request.js:172:14)
42 verbose stack     at Request.self.callback (/usr/local/lib/node_modules/npm/node_modules/request/request.js:198:22)
42 verbose stack     at emitTwo (events.js:87:13)
42 verbose stack     at Request.emit (events.js:172:7)
42 verbose stack     at Request.<anonymous> (/usr/local/lib/node_modules/npm/node_modules/request/request.js:1063:14)
42 verbose stack     at emitOne (events.js:82:20)
42 verbose stack     at Request.emit (events.js:169:7)
42 verbose stack     at IncomingMessage.<anonymous> (/usr/local/lib/node_modules/npm/node_modules/request/request.js:1009:12)
43 verbose statusCode 404
44 verbose pkgid dgram
45 verbose cwd /Users/aizawashota/Desktop/postcard/postcard
46 error Darwin 14.5.0
47 error argv "/usr/local/bin/node" "/usr/local/bin/npm" "install" "dgram"
48 error node v4.2.2
49 error npm  v2.14.7
50 error code E404
51 error 404 Registry returned 404 for GET on https://registry.npmjs.org/dgram
51 error 404
51 error 404 'dgram' is not in the npm registry.
51 error 404 Your package name is not valid, because
51 error 404
51 error 404  1. dgram is a core module name
51 error 404 It was specified as a dependency of 'postcard'
51 error 404
51 error 404 Note that you can also install from a
51 error 404 tarball, folder, http url, or git url.
52 verbose exit [ 1, true ]
